2025-03-22 00:03:46,199 INFO org.springframework.boot.StartupInfoLogger [main] Starting DemoApplication using Java 21.0.6 with PID 35403 (/Users/zhouyongcheng/IdeaProjects/demo/target/classes started by zhouyongcheng in /Users/zhouyongcheng/IdeaProjects/demo)
2025-03-22 00:03:46,201 INFO org.springframework.boot.SpringApplication [main] No active profile set, falling back to 1 default profile: "default"
2025-03-22 00:03:46,385 INFO org.springframework.data.repository.config.RepositoryConfigurationDelegate [main] Bootstrapping Spring Data JPA repositories in DEFAULT mode.
2025-03-22 00:03:46,394 INFO org.springframework.data.repository.config.RepositoryConfigurationDelegate [main] Finished Spring Data repository scanning in 5 ms. Found 0 JPA repository interfaces.
2025-03-22 00:03:46,564 INFO org.springframework.boot.web.embedded.tomcat.TomcatWebServer [main] Tomcat initialized with port 8080 (http)
2025-03-22 00:03:46,585 INFO org.springframework.boot.web.servlet.context.ServletWebServerApplicationContext [main] Root WebApplicationContext: initialization completed in 370 ms
2025-03-22 00:03:46,634 INFO com.zaxxer.hikari.HikariDataSource [main] HikariPool-1 - Starting...
2025-03-22 00:03:46,695 INFO com.zaxxer.hikari.pool.HikariPool [main] HikariPool-1 - Added connection com.mysql.cj.jdbc.ConnectionImpl@4cc26df
2025-03-22 00:03:46,696 INFO com.zaxxer.hikari.HikariDataSource [main] HikariPool-1 - Start completed.
2025-03-22 00:03:46,853 INFO org.springframework.orm.jpa.persistenceunit.SpringPersistenceUnitInfo [main] No LoadTimeWeaver setup: ignoring JPA class transformer
2025-03-22 00:03:47,154 INFO org.springframework.orm.jpa.AbstractEntityManagerFactoryBean [main] Initialized JPA EntityManagerFactory for persistence unit 'default'
2025-03-22 00:03:47,341 INFO org.springframework.boot.web.embedded.tomcat.TomcatWebServer [main] Tomcat started on port 8080 (http) with context path '/'
2025-03-22 00:03:47,345 INFO org.springframework.boot.StartupInfoLogger [main] Started DemoApplication in 1.273 seconds (process running for 1.889)
2025-03-22 00:03:55,059 INFO org.springframework.web.servlet.FrameworkServlet [http-nio-8080-exec-1] Initializing Servlet 'dispatcherServlet'
2025-03-22 00:03:55,061 INFO org.springframework.web.servlet.FrameworkServlet [http-nio-8080-exec-1] Completed initialization in 1 ms
2025-03-22 00:07:49,593 INFO org.springframework.boot.web.embedded.tomcat.GracefulShutdown [SpringApplicationShutdownHook] Commencing graceful shutdown. Waiting for active requests to complete
2025-03-22 00:07:49,597 INFO org.springframework.boot.web.embedded.tomcat.GracefulShutdown [tomcat-shutdown] Graceful shutdown complete
2025-03-22 00:07:49,600 INFO org.springframework.orm.jpa.AbstractEntityManagerFactoryBean [SpringApplicationShutdownHook] Closing JPA EntityManagerFactory for persistence unit 'default'
2025-03-22 00:07:49,601 INFO com.zaxxer.hikari.HikariDataSource [SpringApplicationShutdownHook] HikariPool-1 - Shutdown initiated...
2025-03-22 00:07:49,603 INFO com.zaxxer.hikari.HikariDataSource [SpringApplicationShutdownHook] HikariPool-1 - Shutdown completed.
2025-03-22 00:08:28,289 INFO org.springframework.boot.StartupInfoLogger [main] Starting DemoApplication using Java 21.0.6 with PID 35449 (/Users/zhouyongcheng/IdeaProjects/demo/target/classes started by zhouyongcheng in /Users/zhouyongcheng/IdeaProjects/demo)
2025-03-22 00:08:28,290 INFO org.springframework.boot.SpringApplication [main] No active profile set, falling back to 1 default profile: "default"
2025-03-22 00:08:28,453 INFO org.springframework.data.repository.config.RepositoryConfigurationDelegate [main] Bootstrapping Spring Data JPA repositories in DEFAULT mode.
2025-03-22 00:08:28,460 INFO org.springframework.data.repository.config.RepositoryConfigurationDelegate [main] Finished Spring Data repository scanning in 4 ms. Found 0 JPA repository interfaces.
2025-03-22 00:08:28,607 INFO org.springframework.boot.web.embedded.tomcat.TomcatWebServer [main] Tomcat initialized with port 8080 (http)
2025-03-22 00:08:28,625 INFO org.springframework.boot.web.servlet.context.ServletWebServerApplicationContext [main] Root WebApplicationContext: initialization completed in 325 ms
2025-03-22 00:08:28,661 INFO com.zaxxer.hikari.HikariDataSource [main] HikariPool-1 - Starting...
2025-03-22 00:08:28,711 INFO com.zaxxer.hikari.pool.HikariPool [main] HikariPool-1 - Added connection com.mysql.cj.jdbc.ConnectionImpl@2cee5365
2025-03-22 00:08:28,712 INFO com.zaxxer.hikari.HikariDataSource [main] HikariPool-1 - Start completed.
2025-03-22 00:08:28,835 INFO org.springframework.orm.jpa.persistenceunit.SpringPersistenceUnitInfo [main] No LoadTimeWeaver setup: ignoring JPA class transformer
2025-03-22 00:08:29,094 INFO org.springframework.orm.jpa.AbstractEntityManagerFactoryBean [main] Initialized JPA EntityManagerFactory for persistence unit 'default'
2025-03-22 00:08:29,139 INFO org.springframework.orm.jpa.AbstractEntityManagerFactoryBean [main] Closing JPA EntityManagerFactory for persistence unit 'default'
2025-03-22 00:08:29,140 INFO com.zaxxer.hikari.HikariDataSource [main] HikariPool-1 - Shutdown initiated...
2025-03-22 00:08:29,142 INFO com.zaxxer.hikari.HikariDataSource [main] HikariPool-1 - Shutdown completed.
2025-03-22 00:08:29,147 INFO org.springframework.boot.autoconfigure.logging.ConditionEvaluationReportLogger [main] 

Error starting ApplicationContext. To display the condition evaluation report re-run your application with 'debug' enabled.
2025-03-22 00:09:36,693 INFO org.springframework.boot.StartupInfoLogger [main] Starting DemoApplication using Java 21.0.6 with PID 35459 (/Users/zhouyongcheng/IdeaProjects/demo/target/classes started by zhouyongcheng in /Users/zhouyongcheng/IdeaProjects/demo)
2025-03-22 00:09:36,694 INFO org.springframework.boot.SpringApplication [main] No active profile set, falling back to 1 default profile: "default"
2025-03-22 00:09:36,849 INFO org.springframework.data.repository.config.RepositoryConfigurationDelegate [main] Bootstrapping Spring Data JPA repositories in DEFAULT mode.
2025-03-22 00:09:36,855 INFO org.springframework.data.repository.config.RepositoryConfigurationDelegate [main] Finished Spring Data repository scanning in 3 ms. Found 0 JPA repository interfaces.
2025-03-22 00:09:36,985 INFO org.springframework.boot.web.embedded.tomcat.TomcatWebServer [main] Tomcat initialized with port 8080 (http)
2025-03-22 00:09:37,004 INFO org.springframework.boot.web.servlet.context.ServletWebServerApplicationContext [main] Root WebApplicationContext: initialization completed in 300 ms
2025-03-22 00:09:37,037 INFO com.zaxxer.hikari.HikariDataSource [main] HikariPool-1 - Starting...
2025-03-22 00:09:37,084 INFO com.zaxxer.hikari.pool.HikariPool [main] HikariPool-1 - Added connection com.mysql.cj.jdbc.ConnectionImpl@2b9aeedb
2025-03-22 00:09:37,084 INFO com.zaxxer.hikari.HikariDataSource [main] HikariPool-1 - Start completed.
2025-03-22 00:09:37,185 INFO org.springframework.orm.jpa.persistenceunit.SpringPersistenceUnitInfo [main] No LoadTimeWeaver setup: ignoring JPA class transformer
2025-03-22 00:09:37,440 INFO org.springframework.orm.jpa.AbstractEntityManagerFactoryBean [main] Initialized JPA EntityManagerFactory for persistence unit 'default'
2025-03-22 00:09:37,468 INFO org.springframework.orm.jpa.AbstractEntityManagerFactoryBean [main] Closing JPA EntityManagerFactory for persistence unit 'default'
2025-03-22 00:09:37,469 INFO com.zaxxer.hikari.HikariDataSource [main] HikariPool-1 - Shutdown initiated...
2025-03-22 00:09:37,501 INFO com.zaxxer.hikari.HikariDataSource [main] HikariPool-1 - Shutdown completed.
2025-03-22 00:09:37,506 INFO org.springframework.boot.autoconfigure.logging.ConditionEvaluationReportLogger [main] 

Error starting ApplicationContext. To display the condition evaluation report re-run your application with 'debug' enabled.
2025-03-22 00:11:26,739 INFO org.springframework.boot.StartupInfoLogger [main] Starting DemoApplication using Java 21.0.6 with PID 35468 (/Users/zhouyongcheng/IdeaProjects/demo/target/classes started by zhouyongcheng in /Users/zhouyongcheng/IdeaProjects/demo)
2025-03-22 00:11:26,740 INFO org.springframework.boot.SpringApplication [main] No active profile set, falling back to 1 default profile: "default"
2025-03-22 00:11:26,886 INFO org.springframework.data.repository.config.RepositoryConfigurationDelegate [main] Bootstrapping Spring Data JPA repositories in DEFAULT mode.
2025-03-22 00:11:26,890 INFO org.springframework.data.repository.config.RepositoryConfigurationDelegate [main] Finished Spring Data repository scanning in 1 ms. Found 0 JPA repository interfaces.
2025-03-22 00:11:27,017 INFO org.springframework.boot.web.embedded.tomcat.TomcatWebServer [main] Tomcat initialized with port 8080 (http)
2025-03-22 00:11:27,032 INFO org.springframework.boot.web.servlet.context.ServletWebServerApplicationContext [main] Root WebApplicationContext: initialization completed in 283 ms
2025-03-22 00:11:27,064 INFO com.zaxxer.hikari.HikariDataSource [main] HikariPool-1 - Starting...
2025-03-22 00:11:27,107 INFO com.zaxxer.hikari.pool.HikariPool [main] HikariPool-1 - Added connection com.mysql.cj.jdbc.ConnectionImpl@19705650
2025-03-22 00:11:27,108 INFO com.zaxxer.hikari.HikariDataSource [main] HikariPool-1 - Start completed.
2025-03-22 00:11:27,206 INFO org.springframework.orm.jpa.persistenceunit.SpringPersistenceUnitInfo [main] No LoadTimeWeaver setup: ignoring JPA class transformer
2025-03-22 00:11:27,459 INFO org.springframework.orm.jpa.AbstractEntityManagerFactoryBean [main] Initialized JPA EntityManagerFactory for persistence unit 'default'
2025-03-22 00:11:27,505 INFO org.springframework.orm.jpa.AbstractEntityManagerFactoryBean [main] Closing JPA EntityManagerFactory for persistence unit 'default'
2025-03-22 00:11:27,506 INFO com.zaxxer.hikari.HikariDataSource [main] HikariPool-1 - Shutdown initiated...
2025-03-22 00:11:27,532 INFO com.zaxxer.hikari.HikariDataSource [main] HikariPool-1 - Shutdown completed.
2025-03-22 00:11:27,536 INFO org.springframework.boot.autoconfigure.logging.ConditionEvaluationReportLogger [main] 

Error starting ApplicationContext. To display the condition evaluation report re-run your application with 'debug' enabled.
2025-03-22 00:14:07,150 INFO org.springframework.boot.StartupInfoLogger [main] Starting DemoApplication using Java 21.0.6 with PID 35478 (/Users/zhouyongcheng/IdeaProjects/demo/target/classes started by zhouyongcheng in /Users/zhouyongcheng/IdeaProjects/demo)
2025-03-22 00:14:07,151 INFO org.springframework.boot.SpringApplication [main] No active profile set, falling back to 1 default profile: "default"
2025-03-22 00:14:07,295 INFO org.springframework.data.repository.config.RepositoryConfigurationDelegate [main] Bootstrapping Spring Data JPA repositories in DEFAULT mode.
2025-03-22 00:14:07,299 INFO org.springframework.data.repository.config.RepositoryConfigurationDelegate [main] Finished Spring Data repository scanning in 1 ms. Found 0 JPA repository interfaces.
2025-03-22 00:14:07,433 INFO org.springframework.boot.web.embedded.tomcat.TomcatWebServer [main] Tomcat initialized with port 8080 (http)
2025-03-22 00:14:07,449 INFO org.springframework.boot.web.servlet.context.ServletWebServerApplicationContext [main] Root WebApplicationContext: initialization completed in 289 ms
2025-03-22 00:14:07,478 INFO com.zaxxer.hikari.HikariDataSource [main] HikariPool-1 - Starting...
2025-03-22 00:14:07,525 INFO com.zaxxer.hikari.pool.HikariPool [main] HikariPool-1 - Added connection com.mysql.cj.jdbc.ConnectionImpl@19705650
2025-03-22 00:14:07,525 INFO com.zaxxer.hikari.HikariDataSource [main] HikariPool-1 - Start completed.
2025-03-22 00:14:07,623 INFO org.springframework.orm.jpa.persistenceunit.SpringPersistenceUnitInfo [main] No LoadTimeWeaver setup: ignoring JPA class transformer
2025-03-22 00:14:07,881 INFO org.springframework.orm.jpa.AbstractEntityManagerFactoryBean [main] Initialized JPA EntityManagerFactory for persistence unit 'default'
2025-03-22 00:14:08,026 INFO org.springframework.boot.web.embedded.tomcat.TomcatWebServer [main] Tomcat started on port 8080 (http) with context path '/'
2025-03-22 00:14:08,030 INFO org.springframework.boot.StartupInfoLogger [main] Started DemoApplication in 0.974 seconds (process running for 1.31)
2025-03-22 00:14:13,173 INFO org.springframework.web.servlet.FrameworkServlet [http-nio-8080-exec-1] Initializing Servlet 'dispatcherServlet'
2025-03-22 00:14:13,174 INFO org.springframework.web.servlet.FrameworkServlet [http-nio-8080-exec-1] Completed initialization in 1 ms
2025-03-22 00:14:21,690 INFO org.springframework.boot.web.embedded.tomcat.GracefulShutdown [SpringApplicationShutdownHook] Commencing graceful shutdown. Waiting for active requests to complete
2025-03-22 00:14:21,695 INFO org.springframework.boot.web.embedded.tomcat.GracefulShutdown [tomcat-shutdown] Graceful shutdown complete
2025-03-22 00:14:21,697 INFO org.springframework.orm.jpa.AbstractEntityManagerFactoryBean [SpringApplicationShutdownHook] Closing JPA EntityManagerFactory for persistence unit 'default'
2025-03-22 00:14:21,698 INFO com.zaxxer.hikari.HikariDataSource [SpringApplicationShutdownHook] HikariPool-1 - Shutdown initiated...
2025-03-22 00:14:21,700 INFO com.zaxxer.hikari.HikariDataSource [SpringApplicationShutdownHook] HikariPool-1 - Shutdown completed.
2025-03-22 00:14:24,841 INFO org.springframework.boot.StartupInfoLogger [main] Starting DemoApplication using Java 21.0.6 with PID 35484 (/Users/zhouyongcheng/IdeaProjects/demo/target/classes started by zhouyongcheng in /Users/zhouyongcheng/IdeaProjects/demo)
2025-03-22 00:14:24,842 INFO org.springframework.boot.SpringApplication [main] No active profile set, falling back to 1 default profile: "default"
2025-03-22 00:14:24,993 INFO org.springframework.data.repository.config.RepositoryConfigurationDelegate [main] Bootstrapping Spring Data JPA repositories in DEFAULT mode.
2025-03-22 00:14:24,997 INFO org.springframework.data.repository.config.RepositoryConfigurationDelegate [main] Finished Spring Data repository scanning in 1 ms. Found 0 JPA repository interfaces.
2025-03-22 00:14:25,123 INFO org.springframework.boot.web.embedded.tomcat.TomcatWebServer [main] Tomcat initialized with port 8080 (http)
2025-03-22 00:14:25,138 INFO org.springframework.boot.web.servlet.context.ServletWebServerApplicationContext [main] Root WebApplicationContext: initialization completed in 286 ms
2025-03-22 00:14:25,168 INFO com.zaxxer.hikari.HikariDataSource [main] HikariPool-1 - Starting...
2025-03-22 00:14:25,211 INFO com.zaxxer.hikari.pool.HikariPool [main] HikariPool-1 - Added connection com.mysql.cj.jdbc.ConnectionImpl@1182413a
2025-03-22 00:14:25,212 INFO com.zaxxer.hikari.HikariDataSource [main] HikariPool-1 - Start completed.
2025-03-22 00:14:25,311 INFO org.springframework.orm.jpa.persistenceunit.SpringPersistenceUnitInfo [main] No LoadTimeWeaver setup: ignoring JPA class transformer
2025-03-22 00:14:25,563 INFO org.springframework.orm.jpa.AbstractEntityManagerFactoryBean [main] Initialized JPA EntityManagerFactory for persistence unit 'default'
2025-03-22 00:14:25,706 INFO org.springframework.boot.web.embedded.tomcat.TomcatWebServer [main] Tomcat started on port 8080 (http) with context path '/'
2025-03-22 00:14:25,709 INFO org.springframework.boot.StartupInfoLogger [main] Started DemoApplication in 0.964 seconds (process running for 1.303)
2025-03-22 00:14:31,868 INFO org.springframework.web.servlet.FrameworkServlet [http-nio-8080-exec-1] Initializing Servlet 'dispatcherServlet'
2025-03-22 00:14:31,870 INFO org.springframework.web.servlet.FrameworkServlet [http-nio-8080-exec-1] Completed initialization in 1 ms
2025-03-22 00:14:43,929 INFO org.springframework.boot.web.embedded.tomcat.GracefulShutdown [SpringApplicationShutdownHook] Commencing graceful shutdown. Waiting for active requests to complete
2025-03-22 00:14:43,934 INFO org.springframework.boot.web.embedded.tomcat.GracefulShutdown [tomcat-shutdown] Graceful shutdown complete
2025-03-22 00:14:43,936 INFO org.springframework.orm.jpa.AbstractEntityManagerFactoryBean [SpringApplicationShutdownHook] Closing JPA EntityManagerFactory for persistence unit 'default'
2025-03-22 00:14:43,937 INFO com.zaxxer.hikari.HikariDataSource [SpringApplicationShutdownHook] HikariPool-1 - Shutdown initiated...
2025-03-22 00:14:43,939 INFO com.zaxxer.hikari.HikariDataSource [SpringApplicationShutdownHook] HikariPool-1 - Shutdown completed.
2025-03-22 00:15:14,870 INFO org.springframework.boot.StartupInfoLogger [main] Starting DemoApplication using Java 21.0.6 with PID 35492 (/Users/zhouyongcheng/IdeaProjects/demo/target/classes started by zhouyongcheng in /Users/zhouyongcheng/IdeaProjects/demo)
2025-03-22 00:15:14,871 INFO org.springframework.boot.SpringApplication [main] No active profile set, falling back to 1 default profile: "default"
2025-03-22 00:15:15,013 INFO org.springframework.data.repository.config.RepositoryConfigurationDelegate [main] Bootstrapping Spring Data JPA repositories in DEFAULT mode.
2025-03-22 00:15:15,018 INFO org.springframework.data.repository.config.RepositoryConfigurationDelegate [main] Finished Spring Data repository scanning in 3 ms. Found 0 JPA repository interfaces.
2025-03-22 00:15:15,146 INFO org.springframework.boot.web.embedded.tomcat.TomcatWebServer [main] Tomcat initialized with port 8080 (http)
2025-03-22 00:15:15,162 INFO org.springframework.boot.web.servlet.context.ServletWebServerApplicationContext [main] Root WebApplicationContext: initialization completed in 282 ms
2025-03-22 00:15:15,192 INFO com.zaxxer.hikari.HikariDataSource [main] HikariPool-1 - Starting...
2025-03-22 00:15:15,235 INFO com.zaxxer.hikari.pool.HikariPool [main] HikariPool-1 - Added connection com.mysql.cj.jdbc.ConnectionImpl@796c68bf
2025-03-22 00:15:15,236 INFO com.zaxxer.hikari.HikariDataSource [main] HikariPool-1 - Start completed.
2025-03-22 00:15:15,334 INFO org.springframework.orm.jpa.persistenceunit.SpringPersistenceUnitInfo [main] No LoadTimeWeaver setup: ignoring JPA class transformer
2025-03-22 00:15:15,583 INFO org.springframework.orm.jpa.AbstractEntityManagerFactoryBean [main] Initialized JPA EntityManagerFactory for persistence unit 'default'
2025-03-22 00:15:15,738 INFO org.springframework.boot.web.embedded.tomcat.TomcatWebServer [main] Tomcat started on port 8080 (http) with context path '/'
2025-03-22 00:15:15,741 INFO org.springframework.boot.StartupInfoLogger [main] Started DemoApplication in 0.968 seconds (process running for 1.294)
2025-03-22 00:15:22,536 INFO org.springframework.web.servlet.FrameworkServlet [http-nio-8080-exec-1] Initializing Servlet 'dispatcherServlet'
2025-03-22 00:15:22,537 INFO org.springframework.web.servlet.FrameworkServlet [http-nio-8080-exec-1] Completed initialization in 1 ms
2025-03-22 00:22:43,823 INFO org.springframework.boot.web.embedded.tomcat.GracefulShutdown [SpringApplicationShutdownHook] Commencing graceful shutdown. Waiting for active requests to complete
2025-03-22 00:22:43,829 INFO org.springframework.boot.web.embedded.tomcat.GracefulShutdown [tomcat-shutdown] Graceful shutdown complete
2025-03-22 00:22:43,832 INFO org.springframework.orm.jpa.AbstractEntityManagerFactoryBean [SpringApplicationShutdownHook] Closing JPA EntityManagerFactory for persistence unit 'default'
2025-03-22 00:22:43,833 INFO com.zaxxer.hikari.HikariDataSource [SpringApplicationShutdownHook] HikariPool-1 - Shutdown initiated...
2025-03-22 00:22:43,835 INFO com.zaxxer.hikari.HikariDataSource [SpringApplicationShutdownHook] HikariPool-1 - Shutdown completed.
2025-03-22 00:32:15,087 INFO org.springframework.boot.StartupInfoLogger [main] Starting DemoApplication using Java 21.0.6 with PID 35585 (/Users/zhouyongcheng/IdeaProjects/demo/target/classes started by zhouyongcheng in /Users/zhouyongcheng/IdeaProjects/demo)
2025-03-22 00:32:15,088 INFO org.springframework.boot.SpringApplication [main] No active profile set, falling back to 1 default profile: "default"
2025-03-22 00:32:15,242 INFO org.springframework.data.repository.config.RepositoryConfigurationDelegate [main] Bootstrapping Spring Data JPA repositories in DEFAULT mode.
2025-03-22 00:32:15,248 INFO org.springframework.data.repository.config.RepositoryConfigurationDelegate [main] Finished Spring Data repository scanning in 4 ms. Found 0 JPA repository interfaces.
2025-03-22 00:32:15,385 INFO org.springframework.boot.web.embedded.tomcat.TomcatWebServer [main] Tomcat initialized with port 8080 (http)
2025-03-22 00:32:15,401 INFO org.springframework.boot.web.servlet.context.ServletWebServerApplicationContext [main] Root WebApplicationContext: initialization completed in 304 ms
2025-03-22 00:32:15,435 INFO com.zaxxer.hikari.HikariDataSource [main] HikariPool-1 - Starting...
2025-03-22 00:32:15,479 INFO com.zaxxer.hikari.pool.HikariPool [main] HikariPool-1 - Added connection com.mysql.cj.jdbc.ConnectionImpl@2cee5365
2025-03-22 00:32:15,479 INFO com.zaxxer.hikari.HikariDataSource [main] HikariPool-1 - Start completed.
2025-03-22 00:32:15,592 INFO org.springframework.orm.jpa.persistenceunit.SpringPersistenceUnitInfo [main] No LoadTimeWeaver setup: ignoring JPA class transformer
2025-03-22 00:32:15,860 INFO org.springframework.orm.jpa.AbstractEntityManagerFactoryBean [main] Initialized JPA EntityManagerFactory for persistence unit 'default'
2025-03-22 00:32:16,022 INFO org.springframework.boot.web.embedded.tomcat.TomcatWebServer [main] Tomcat started on port 8080 (http) with context path '/'
2025-03-22 00:32:16,025 INFO org.springframework.boot.StartupInfoLogger [main] Started DemoApplication in 1.046 seconds (process running for 1.488)
2025-03-22 00:32:23,923 INFO org.springframework.web.servlet.FrameworkServlet [http-nio-8080-exec-1] Initializing Servlet 'dispatcherServlet'
2025-03-22 00:32:23,924 INFO org.springframework.web.servlet.FrameworkServlet [http-nio-8080-exec-1] Completed initialization in 1 ms
2025-03-22 00:39:43,015 INFO org.springframework.boot.web.embedded.tomcat.GracefulShutdown [SpringApplicationShutdownHook] Commencing graceful shutdown. Waiting for active requests to complete
2025-03-22 00:39:43,018 INFO org.springframework.boot.web.embedded.tomcat.GracefulShutdown [tomcat-shutdown] Graceful shutdown complete
2025-03-22 00:39:43,021 INFO org.springframework.orm.jpa.AbstractEntityManagerFactoryBean [SpringApplicationShutdownHook] Closing JPA EntityManagerFactory for persistence unit 'default'
2025-03-22 00:39:43,022 INFO com.zaxxer.hikari.HikariDataSource [SpringApplicationShutdownHook] HikariPool-1 - Shutdown initiated...
2025-03-22 00:39:43,024 INFO com.zaxxer.hikari.HikariDataSource [SpringApplicationShutdownHook] HikariPool-1 - Shutdown completed.
2025-03-22 00:39:45,942 INFO org.springframework.boot.StartupInfoLogger [main] Starting DemoApplication using Java 21.0.6 with PID 35611 (/Users/zhouyongcheng/IdeaProjects/demo/target/classes started by zhouyongcheng in /Users/zhouyongcheng/IdeaProjects/demo)
2025-03-22 00:39:45,943 INFO org.springframework.boot.SpringApplication [main] No active profile set, falling back to 1 default profile: "default"
2025-03-22 00:39:46,107 INFO org.springframework.data.repository.config.RepositoryConfigurationDelegate [main] Bootstrapping Spring Data JPA repositories in DEFAULT mode.
2025-03-22 00:39:46,115 INFO org.springframework.data.repository.config.RepositoryConfigurationDelegate [main] Finished Spring Data repository scanning in 4 ms. Found 0 JPA repository interfaces.
2025-03-22 00:39:46,247 INFO org.springframework.boot.web.embedded.tomcat.TomcatWebServer [main] Tomcat initialized with port 8080 (http)
2025-03-22 00:39:46,267 INFO org.springframework.boot.web.servlet.context.ServletWebServerApplicationContext [main] Root WebApplicationContext: initialization completed in 313 ms
2025-03-22 00:39:46,299 INFO com.zaxxer.hikari.HikariDataSource [main] HikariPool-1 - Starting...
2025-03-22 00:39:46,349 INFO com.zaxxer.hikari.pool.HikariPool [main] HikariPool-1 - Added connection com.mysql.cj.jdbc.ConnectionImpl@1a7163e3
2025-03-22 00:39:46,349 INFO com.zaxxer.hikari.HikariDataSource [main] HikariPool-1 - Start completed.
2025-03-22 00:39:46,367 INFO org.hibernate.jpa.internal.util.LogHelper [main] HHH000204: Processing PersistenceUnitInfo [name: default]
2025-03-22 00:39:46,385 INFO org.hibernate.Version [main] HHH000412: Hibernate ORM core version 6.6.8.Final
2025-03-22 00:39:46,395 INFO org.hibernate.cache.internal.RegionFactoryInitiator [main] HHH000026: Second-level cache disabled
2025-03-22 00:39:46,470 INFO org.springframework.orm.jpa.persistenceunit.SpringPersistenceUnitInfo [main] No LoadTimeWeaver setup: ignoring JPA class transformer
2025-03-22 00:39:46,503 INFO org.hibernate.engine.jdbc.env.internal.JdbcEnvironmentInitiator [main] HHH10001005: Database info:
	Database JDBC URL [Connecting through datasource 'HikariDataSource (HikariPool-1)']
	Database driver: undefined/unknown
	Database version: 9.2
	Autocommit mode: undefined/unknown
	Isolation level: undefined/unknown
	Minimum pool size: undefined/unknown
	Maximum pool size: undefined/unknown
2025-03-22 00:39:46,737 INFO org.hibernate.engine.transaction.jta.platform.internal.JtaPlatformInitiator [main] HHH000489: No JTA platform available (set 'hibernate.transaction.jta.platform' to enable JTA platform integration)
2025-03-22 00:39:46,738 INFO org.springframework.orm.jpa.AbstractEntityManagerFactoryBean [main] Initialized JPA EntityManagerFactory for persistence unit 'default'
2025-03-22 00:39:46,909 INFO org.springframework.boot.web.embedded.tomcat.TomcatWebServer [main] Tomcat started on port 8080 (http) with context path '/'
2025-03-22 00:39:46,912 INFO org.springframework.boot.StartupInfoLogger [main] Started DemoApplication in 1.077 seconds (process running for 1.438)
2025-03-22 00:39:52,545 INFO org.springframework.web.servlet.FrameworkServlet [http-nio-8080-exec-1] Initializing Servlet 'dispatcherServlet'
2025-03-22 00:39:52,546 INFO org.springframework.web.servlet.FrameworkServlet [http-nio-8080-exec-1] Completed initialization in 1 ms
2025-03-22 00:42:14,600 INFO org.springframework.boot.web.embedded.tomcat.GracefulShutdown [SpringApplicationShutdownHook] Commencing graceful shutdown. Waiting for active requests to complete
2025-03-22 00:42:14,604 INFO org.springframework.boot.web.embedded.tomcat.GracefulShutdown [tomcat-shutdown] Graceful shutdown complete
2025-03-22 00:42:14,606 INFO org.springframework.orm.jpa.AbstractEntityManagerFactoryBean [SpringApplicationShutdownHook] Closing JPA EntityManagerFactory for persistence unit 'default'
2025-03-22 00:42:14,607 INFO com.zaxxer.hikari.HikariDataSource [SpringApplicationShutdownHook] HikariPool-1 - Shutdown initiated...
2025-03-22 00:42:14,609 INFO com.zaxxer.hikari.HikariDataSource [SpringApplicationShutdownHook] HikariPool-1 - Shutdown completed.
2025-03-22 00:42:18,229 INFO org.springframework.boot.StartupInfoLogger [main] Starting DemoApplication using Java 21.0.6 with PID 35622 (/Users/zhouyongcheng/IdeaProjects/demo/target/classes started by zhouyongcheng in /Users/zhouyongcheng/IdeaProjects/demo)
2025-03-22 00:42:18,230 INFO org.springframework.boot.SpringApplication [main] No active profile set, falling back to 1 default profile: "default"
2025-03-22 00:42:18,384 INFO org.springframework.data.repository.config.RepositoryConfigurationDelegate [main] Bootstrapping Spring Data JPA repositories in DEFAULT mode.
2025-03-22 00:42:18,390 INFO org.springframework.data.repository.config.RepositoryConfigurationDelegate [main] Finished Spring Data repository scanning in 3 ms. Found 0 JPA repository interfaces.
2025-03-22 00:42:18,529 INFO org.springframework.boot.web.embedded.tomcat.TomcatWebServer [main] Tomcat initialized with port 8080 (http)
2025-03-22 00:42:18,549 INFO org.springframework.boot.web.servlet.context.ServletWebServerApplicationContext [main] Root WebApplicationContext: initialization completed in 309 ms
2025-03-22 00:42:18,587 INFO com.zaxxer.hikari.HikariDataSource [main] HikariPool-1 - Starting...
2025-03-22 00:42:18,630 INFO com.zaxxer.hikari.pool.HikariPool [main] HikariPool-1 - Added connection com.mysql.cj.jdbc.ConnectionImpl@4e4f4092
2025-03-22 00:42:18,630 INFO com.zaxxer.hikari.HikariDataSource [main] HikariPool-1 - Start completed.
2025-03-22 00:42:18,648 INFO org.hibernate.jpa.internal.util.LogHelper [main] HHH000204: Processing PersistenceUnitInfo [name: default]
2025-03-22 00:42:18,667 INFO org.hibernate.Version [main] HHH000412: Hibernate ORM core version 6.6.8.Final
2025-03-22 00:42:18,677 INFO org.hibernate.cache.internal.RegionFactoryInitiator [main] HHH000026: Second-level cache disabled
2025-03-22 00:42:18,755 INFO org.springframework.orm.jpa.persistenceunit.SpringPersistenceUnitInfo [main] No LoadTimeWeaver setup: ignoring JPA class transformer
2025-03-22 00:42:18,787 INFO org.hibernate.engine.jdbc.env.internal.JdbcEnvironmentInitiator [main] HHH10001005: Database info:
	Database JDBC URL [Connecting through datasource 'HikariDataSource (HikariPool-1)']
	Database driver: undefined/unknown
	Database version: 9.2
	Autocommit mode: undefined/unknown
	Isolation level: undefined/unknown
	Minimum pool size: undefined/unknown
	Maximum pool size: undefined/unknown
2025-03-22 00:42:19,024 INFO org.hibernate.engine.transaction.jta.platform.internal.JtaPlatformInitiator [main] HHH000489: No JTA platform available (set 'hibernate.transaction.jta.platform' to enable JTA platform integration)
2025-03-22 00:42:19,025 INFO org.springframework.orm.jpa.AbstractEntityManagerFactoryBean [main] Initialized JPA EntityManagerFactory for persistence unit 'default'
2025-03-22 00:42:19,183 INFO org.springframework.boot.web.embedded.tomcat.TomcatWebServer [main] Tomcat started on port 8080 (http) with context path '/'
2025-03-22 00:42:19,186 INFO org.springframework.boot.StartupInfoLogger [main] Started DemoApplication in 1.06 seconds (process running for 1.411)
2025-03-22 00:42:22,521 INFO org.springframework.web.servlet.FrameworkServlet [http-nio-8080-exec-1] Initializing Servlet 'dispatcherServlet'
2025-03-22 00:42:22,522 INFO org.springframework.web.servlet.FrameworkServlet [http-nio-8080-exec-1] Completed initialization in 1 ms
2025-03-22 00:45:21,268 INFO org.springframework.boot.web.embedded.tomcat.GracefulShutdown [SpringApplicationShutdownHook] Commencing graceful shutdown. Waiting for active requests to complete
2025-03-22 00:45:21,272 INFO org.springframework.boot.web.embedded.tomcat.GracefulShutdown [tomcat-shutdown] Graceful shutdown complete
2025-03-22 00:45:21,275 INFO org.springframework.orm.jpa.AbstractEntityManagerFactoryBean [SpringApplicationShutdownHook] Closing JPA EntityManagerFactory for persistence unit 'default'
2025-03-22 00:45:21,275 INFO com.zaxxer.hikari.HikariDataSource [SpringApplicationShutdownHook] HikariPool-1 - Shutdown initiated...
2025-03-22 00:45:21,278 INFO com.zaxxer.hikari.HikariDataSource [SpringApplicationShutdownHook] HikariPool-1 - Shutdown completed.
2025-03-22 00:45:22,499 INFO org.springframework.boot.StartupInfoLogger [main] Starting DemoApplication using Java 21.0.6 with PID 35634 (/Users/zhouyongcheng/IdeaProjects/demo/target/classes started by zhouyongcheng in /Users/zhouyongcheng/IdeaProjects/demo)
2025-03-22 00:45:22,501 INFO org.springframework.boot.SpringApplication [main] No active profile set, falling back to 1 default profile: "default"
2025-03-22 00:45:22,667 INFO org.springframework.data.repository.config.RepositoryConfigurationDelegate [main] Bootstrapping Spring Data JPA repositories in DEFAULT mode.
2025-03-22 00:45:22,675 INFO org.springframework.data.repository.config.RepositoryConfigurationDelegate [main] Finished Spring Data repository scanning in 4 ms. Found 0 JPA repository interfaces.
2025-03-22 00:45:22,818 INFO org.springframework.boot.web.embedded.tomcat.TomcatWebServer [main] Tomcat initialized with port 8080 (http)
2025-03-22 00:45:22,837 INFO org.springframework.boot.web.servlet.context.ServletWebServerApplicationContext [main] Root WebApplicationContext: initialization completed in 325 ms
2025-03-22 00:45:22,875 INFO com.zaxxer.hikari.HikariDataSource [main] HikariPool-1 - Starting...
2025-03-22 00:45:22,926 INFO com.zaxxer.hikari.pool.HikariPool [main] HikariPool-1 - Added connection com.mysql.cj.jdbc.ConnectionImpl@3b96f8b0
2025-03-22 00:45:22,927 INFO com.zaxxer.hikari.HikariDataSource [main] HikariPool-1 - Start completed.
2025-03-22 00:45:22,945 INFO org.hibernate.jpa.internal.util.LogHelper [main] HHH000204: Processing PersistenceUnitInfo [name: default]
2025-03-22 00:45:22,964 INFO org.hibernate.Version [main] HHH000412: Hibernate ORM core version 6.6.8.Final
2025-03-22 00:45:22,974 INFO org.hibernate.cache.internal.RegionFactoryInitiator [main] HHH000026: Second-level cache disabled
2025-03-22 00:45:23,056 INFO org.springframework.orm.jpa.persistenceunit.SpringPersistenceUnitInfo [main] No LoadTimeWeaver setup: ignoring JPA class transformer
2025-03-22 00:45:23,090 INFO org.hibernate.engine.jdbc.env.internal.JdbcEnvironmentInitiator [main] HHH10001005: Database info:
	Database JDBC URL [Connecting through datasource 'HikariDataSource (HikariPool-1)']
	Database driver: undefined/unknown
	Database version: 9.2
	Autocommit mode: undefined/unknown
	Isolation level: undefined/unknown
	Minimum pool size: undefined/unknown
	Maximum pool size: undefined/unknown
2025-03-22 00:45:23,376 INFO org.hibernate.engine.transaction.jta.platform.internal.JtaPlatformInitiator [main] HHH000489: No JTA platform available (set 'hibernate.transaction.jta.platform' to enable JTA platform integration)
2025-03-22 00:45:23,377 INFO org.springframework.orm.jpa.AbstractEntityManagerFactoryBean [main] Initialized JPA EntityManagerFactory for persistence unit 'default'
2025-03-22 00:45:23,568 INFO org.springframework.boot.web.embedded.tomcat.TomcatWebServer [main] Tomcat started on port 8080 (http) with context path '/'
2025-03-22 00:45:23,572 INFO org.springframework.boot.StartupInfoLogger [main] Started DemoApplication in 1.197 seconds (process running for 1.647)
2025-03-22 00:45:37,733 INFO org.springframework.web.servlet.FrameworkServlet [http-nio-8080-exec-1] Initializing Servlet 'dispatcherServlet'
2025-03-22 00:45:37,733 INFO org.springframework.web.servlet.FrameworkServlet [http-nio-8080-exec-1] Completed initialization in 0 ms
2025-03-22 00:48:31,953 INFO org.springframework.boot.web.embedded.tomcat.GracefulShutdown [SpringApplicationShutdownHook] Commencing graceful shutdown. Waiting for active requests to complete
2025-03-22 00:48:31,957 INFO org.springframework.boot.web.embedded.tomcat.GracefulShutdown [tomcat-shutdown] Graceful shutdown complete
2025-03-22 00:48:31,959 INFO org.springframework.orm.jpa.AbstractEntityManagerFactoryBean [SpringApplicationShutdownHook] Closing JPA EntityManagerFactory for persistence unit 'default'
2025-03-22 00:48:31,960 INFO com.zaxxer.hikari.HikariDataSource [SpringApplicationShutdownHook] HikariPool-1 - Shutdown initiated...
2025-03-22 00:48:31,962 INFO com.zaxxer.hikari.HikariDataSource [SpringApplicationShutdownHook] HikariPool-1 - Shutdown completed.
2025-03-22 00:48:33,092 INFO org.springframework.boot.StartupInfoLogger [main] Starting DemoApplication using Java 21.0.6 with PID 35651 (/Users/zhouyongcheng/IdeaProjects/demo/target/classes started by zhouyongcheng in /Users/zhouyongcheng/IdeaProjects/demo)
2025-03-22 00:48:33,095 INFO org.springframework.boot.SpringApplication [main] No active profile set, falling back to 1 default profile: "default"
2025-03-22 00:48:33,255 INFO org.springframework.data.repository.config.RepositoryConfigurationDelegate [main] Bootstrapping Spring Data JPA repositories in DEFAULT mode.
2025-03-22 00:48:33,262 INFO org.springframework.data.repository.config.RepositoryConfigurationDelegate [main] Finished Spring Data repository scanning in 1 ms. Found 0 JPA repository interfaces.
2025-03-22 00:48:33,420 INFO org.springframework.boot.web.embedded.tomcat.TomcatWebServer [main] Tomcat initialized with port 8080 (http)
2025-03-22 00:48:33,437 INFO org.springframework.boot.web.servlet.context.ServletWebServerApplicationContext [main] Root WebApplicationContext: initialization completed in 333 ms
2025-03-22 00:48:33,473 INFO com.zaxxer.hikari.HikariDataSource [main] HikariPool-1 - Starting...
2025-03-22 00:48:33,520 INFO com.zaxxer.hikari.pool.HikariPool [main] HikariPool-1 - Added connection com.mysql.cj.jdbc.ConnectionImpl@1a7163e3
2025-03-22 00:48:33,521 INFO com.zaxxer.hikari.HikariDataSource [main] HikariPool-1 - Start completed.
2025-03-22 00:48:33,539 INFO org.hibernate.jpa.internal.util.LogHelper [main] HHH000204: Processing PersistenceUnitInfo [name: default]
2025-03-22 00:48:33,557 INFO org.hibernate.Version [main] HHH000412: Hibernate ORM core version 6.6.8.Final
2025-03-22 00:48:33,566 INFO org.hibernate.cache.internal.RegionFactoryInitiator [main] HHH000026: Second-level cache disabled
2025-03-22 00:48:33,643 INFO org.springframework.orm.jpa.persistenceunit.SpringPersistenceUnitInfo [main] No LoadTimeWeaver setup: ignoring JPA class transformer
2025-03-22 00:48:33,677 INFO org.hibernate.engine.jdbc.env.internal.JdbcEnvironmentInitiator [main] HHH10001005: Database info:
	Database JDBC URL [Connecting through datasource 'HikariDataSource (HikariPool-1)']
	Database driver: undefined/unknown
	Database version: 9.2
	Autocommit mode: undefined/unknown
	Isolation level: undefined/unknown
	Minimum pool size: undefined/unknown
	Maximum pool size: undefined/unknown
2025-03-22 00:48:33,910 INFO org.hibernate.engine.transaction.jta.platform.internal.JtaPlatformInitiator [main] HHH000489: No JTA platform available (set 'hibernate.transaction.jta.platform' to enable JTA platform integration)
2025-03-22 00:48:33,912 INFO org.springframework.orm.jpa.AbstractEntityManagerFactoryBean [main] Initialized JPA EntityManagerFactory for persistence unit 'default'
2025-03-22 00:48:34,068 INFO org.springframework.boot.web.embedded.tomcat.TomcatWebServer [main] Tomcat started on port 8080 (http) with context path '/'
2025-03-22 00:48:34,076 INFO org.springframework.boot.StartupInfoLogger [main] Started DemoApplication in 1.092 seconds (process running for 1.449)
2025-03-22 00:49:49,343 INFO org.springframework.web.servlet.FrameworkServlet [http-nio-8080-exec-1] Initializing Servlet 'dispatcherServlet'
2025-03-22 00:49:49,345 INFO org.springframework.web.servlet.FrameworkServlet [http-nio-8080-exec-1] Completed initialization in 1 ms
2025-03-22 00:50:45,023 INFO org.springframework.boot.web.embedded.tomcat.GracefulShutdown [SpringApplicationShutdownHook] Commencing graceful shutdown. Waiting for active requests to complete
2025-03-22 00:50:45,027 INFO org.springframework.boot.web.embedded.tomcat.GracefulShutdown [tomcat-shutdown] Graceful shutdown complete
2025-03-22 00:50:45,029 INFO org.springframework.orm.jpa.AbstractEntityManagerFactoryBean [SpringApplicationShutdownHook] Closing JPA EntityManagerFactory for persistence unit 'default'
2025-03-22 00:50:45,030 INFO com.zaxxer.hikari.HikariDataSource [SpringApplicationShutdownHook] HikariPool-1 - Shutdown initiated...
2025-03-22 00:50:45,032 INFO com.zaxxer.hikari.HikariDataSource [SpringApplicationShutdownHook] HikariPool-1 - Shutdown completed.
2025-03-22 00:50:46,141 INFO org.springframework.boot.StartupInfoLogger [main] Starting DemoApplication using Java 21.0.6 with PID 35662 (/Users/zhouyongcheng/IdeaProjects/demo/target/classes started by zhouyongcheng in /Users/zhouyongcheng/IdeaProjects/demo)
2025-03-22 00:50:46,143 INFO org.springframework.boot.SpringApplication [main] No active profile set, falling back to 1 default profile: "default"
2025-03-22 00:50:46,309 INFO org.springframework.data.repository.config.RepositoryConfigurationDelegate [main] Bootstrapping Spring Data JPA repositories in DEFAULT mode.
2025-03-22 00:50:46,317 INFO org.springframework.data.repository.config.RepositoryConfigurationDelegate [main] Finished Spring Data repository scanning in 2 ms. Found 0 JPA repository interfaces.
2025-03-22 00:50:46,488 INFO org.springframework.boot.web.embedded.tomcat.TomcatWebServer [main] Tomcat initialized with port 8080 (http)
2025-03-22 00:50:46,507 INFO org.springframework.boot.web.servlet.context.ServletWebServerApplicationContext [main] Root WebApplicationContext: initialization completed in 354 ms
2025-03-22 00:50:46,545 INFO com.zaxxer.hikari.HikariDataSource [main] HikariPool-1 - Starting...
2025-03-22 00:50:46,597 INFO com.zaxxer.hikari.pool.HikariPool [main] HikariPool-1 - Added connection com.mysql.cj.jdbc.ConnectionImpl@5e69cf07
2025-03-22 00:50:46,597 INFO com.zaxxer.hikari.HikariDataSource [main] HikariPool-1 - Start completed.
2025-03-22 00:50:46,616 INFO org.hibernate.jpa.internal.util.LogHelper [main] HHH000204: Processing PersistenceUnitInfo [name: default]
2025-03-22 00:50:46,634 INFO org.hibernate.Version [main] HHH000412: Hibernate ORM core version 6.6.8.Final
2025-03-22 00:50:46,644 INFO org.hibernate.cache.internal.RegionFactoryInitiator [main] HHH000026: Second-level cache disabled
2025-03-22 00:50:46,725 INFO org.springframework.orm.jpa.persistenceunit.SpringPersistenceUnitInfo [main] No LoadTimeWeaver setup: ignoring JPA class transformer
2025-03-22 00:50:46,755 INFO org.hibernate.engine.jdbc.env.internal.JdbcEnvironmentInitiator [main] HHH10001005: Database info:
	Database JDBC URL [Connecting through datasource 'HikariDataSource (HikariPool-1)']
	Database driver: undefined/unknown
	Database version: 9.2
	Autocommit mode: undefined/unknown
	Isolation level: undefined/unknown
	Minimum pool size: undefined/unknown
	Maximum pool size: undefined/unknown
2025-03-22 00:50:47,011 INFO org.hibernate.engine.transaction.jta.platform.internal.JtaPlatformInitiator [main] HHH000489: No JTA platform available (set 'hibernate.transaction.jta.platform' to enable JTA platform integration)
2025-03-22 00:50:47,013 INFO org.springframework.orm.jpa.AbstractEntityManagerFactoryBean [main] Initialized JPA EntityManagerFactory for persistence unit 'default'
2025-03-22 00:50:47,203 INFO org.springframework.boot.web.embedded.tomcat.TomcatWebServer [main] Tomcat started on port 8080 (http) with context path '/'
2025-03-22 00:50:47,209 INFO org.springframework.boot.StartupInfoLogger [main] Started DemoApplication in 1.173 seconds (process running for 1.523)
2025-03-22 00:50:52,944 INFO org.springframework.web.servlet.FrameworkServlet [http-nio-8080-exec-1] Initializing Servlet 'dispatcherServlet'
2025-03-22 00:50:52,946 INFO org.springframework.web.servlet.FrameworkServlet [http-nio-8080-exec-1] Completed initialization in 2 ms
2025-03-22 00:53:53,701 INFO org.springframework.boot.web.embedded.tomcat.GracefulShutdown [SpringApplicationShutdownHook] Commencing graceful shutdown. Waiting for active requests to complete
2025-03-22 00:53:53,705 INFO org.springframework.boot.web.embedded.tomcat.GracefulShutdown [tomcat-shutdown] Graceful shutdown complete
2025-03-22 00:53:53,708 INFO org.springframework.orm.jpa.AbstractEntityManagerFactoryBean [SpringApplicationShutdownHook] Closing JPA EntityManagerFactory for persistence unit 'default'
2025-03-22 00:53:53,708 INFO com.zaxxer.hikari.HikariDataSource [SpringApplicationShutdownHook] HikariPool-1 - Shutdown initiated...
2025-03-22 00:53:53,710 INFO com.zaxxer.hikari.HikariDataSource [SpringApplicationShutdownHook] HikariPool-1 - Shutdown completed.
2025-03-22 00:53:54,892 INFO org.springframework.boot.StartupInfoLogger [main] Starting DemoApplication using Java 21.0.6 with PID 35678 (/Users/zhouyongcheng/IdeaProjects/demo/target/classes started by zhouyongcheng in /Users/zhouyongcheng/IdeaProjects/demo)
2025-03-22 00:53:54,894 INFO org.springframework.boot.SpringApplication [main] No active profile set, falling back to 1 default profile: "default"
2025-03-22 00:53:55,055 INFO org.springframework.data.repository.config.RepositoryConfigurationDelegate [main] Bootstrapping Spring Data JPA repositories in DEFAULT mode.
2025-03-22 00:53:55,062 INFO org.springframework.data.repository.config.RepositoryConfigurationDelegate [main] Finished Spring Data repository scanning in 1 ms. Found 0 JPA repository interfaces.
2025-03-22 00:53:55,217 INFO org.springframework.boot.web.embedded.tomcat.TomcatWebServer [main] Tomcat initialized with port 8080 (http)
2025-03-22 00:53:55,235 INFO org.springframework.boot.web.servlet.context.ServletWebServerApplicationContext [main] Root WebApplicationContext: initialization completed in 331 ms
2025-03-22 00:53:55,272 INFO com.zaxxer.hikari.HikariDataSource [main] HikariPool-1 - Starting...
2025-03-22 00:53:55,321 INFO com.zaxxer.hikari.pool.HikariPool [main] HikariPool-1 - Added connection com.mysql.cj.jdbc.ConnectionImpl@2c2e3460
2025-03-22 00:53:55,321 INFO com.zaxxer.hikari.HikariDataSource [main] HikariPool-1 - Start completed.
2025-03-22 00:53:55,340 INFO org.hibernate.jpa.internal.util.LogHelper [main] HHH000204: Processing PersistenceUnitInfo [name: default]
2025-03-22 00:53:55,358 INFO org.hibernate.Version [main] HHH000412: Hibernate ORM core version 6.6.8.Final
2025-03-22 00:53:55,368 INFO org.hibernate.cache.internal.RegionFactoryInitiator [main] HHH000026: Second-level cache disabled
2025-03-22 00:53:55,447 INFO org.springframework.orm.jpa.persistenceunit.SpringPersistenceUnitInfo [main] No LoadTimeWeaver setup: ignoring JPA class transformer
2025-03-22 00:53:55,481 INFO org.hibernate.engine.jdbc.env.internal.JdbcEnvironmentInitiator [main] HHH10001005: Database info:
	Database JDBC URL [Connecting through datasource 'HikariDataSource (HikariPool-1)']
	Database driver: undefined/unknown
	Database version: 9.2
	Autocommit mode: undefined/unknown
	Isolation level: undefined/unknown
	Minimum pool size: undefined/unknown
	Maximum pool size: undefined/unknown
2025-03-22 00:53:55,719 INFO org.hibernate.engine.transaction.jta.platform.internal.JtaPlatformInitiator [main] HHH000489: No JTA platform available (set 'hibernate.transaction.jta.platform' to enable JTA platform integration)
2025-03-22 00:53:55,720 INFO org.springframework.orm.jpa.AbstractEntityManagerFactoryBean [main] Initialized JPA EntityManagerFactory for persistence unit 'default'
2025-03-22 00:53:55,894 INFO org.springframework.boot.web.embedded.tomcat.TomcatWebServer [main] Tomcat started on port 8080 (http) with context path '/'
2025-03-22 00:53:55,899 INFO org.springframework.boot.StartupInfoLogger [main] Started DemoApplication in 1.125 seconds (process running for 1.549)
2025-03-22 00:53:58,638 INFO org.springframework.web.servlet.FrameworkServlet [http-nio-8080-exec-1] Initializing Servlet 'dispatcherServlet'
2025-03-22 00:53:58,639 INFO org.springframework.web.servlet.FrameworkServlet [http-nio-8080-exec-1] Completed initialization in 1 ms
2025-03-22 00:57:00,575 INFO org.springframework.boot.web.embedded.tomcat.GracefulShutdown [SpringApplicationShutdownHook] Commencing graceful shutdown. Waiting for active requests to complete
2025-03-22 00:57:00,579 INFO org.springframework.boot.web.embedded.tomcat.GracefulShutdown [tomcat-shutdown] Graceful shutdown complete
2025-03-22 00:57:00,582 INFO org.springframework.orm.jpa.AbstractEntityManagerFactoryBean [SpringApplicationShutdownHook] Closing JPA EntityManagerFactory for persistence unit 'default'
2025-03-22 00:57:00,583 INFO com.zaxxer.hikari.HikariDataSource [SpringApplicationShutdownHook] HikariPool-1 - Shutdown initiated...
2025-03-22 00:57:00,585 INFO com.zaxxer.hikari.HikariDataSource [SpringApplicationShutdownHook] HikariPool-1 - Shutdown completed.
